# JRE version: OpenJDK Runtime Environment Temurin-11.0.12+7 (11.0.12+7) (build 11.0.12+7)
# Java VM: OpenJDK 64-Bit Server VM Temurin-11.0.12+7 (11.0.12+7, mixed mode, tiered, compressed oops, g1 gc, windows-amd64)
Heap:
 garbage-first heap   total 262144K, used 196196K [0x00000000e0000000, 0x0000000100000000)
  region size 1024K, 123 young (125952K), 13 survivors (13312K)
 Metaspace       used 79945K, capacity 82841K, committed 82892K, reserved 325632K
  class space    used 10481K, capacity 11499K, committed 11520K, reserved 253952K
GC Heap History (19 events):
Event: 1.882 GC heap before
{Heap before GC invocations=0 (full 0):
 garbage-first heap   total 262144K, used 29696K [0x00000000e0000000, 0x0000000100000000)
  region size 1024K, 24 young (24576K), 0 survivors (0K)
 Metaspace       used 10151K, capacity 10434K, committed 10624K, reserved 264192K
  class space    used 1058K, capacity 1138K, committed 1152K, reserved 253952K
}
Event: 1.918 GC heap after
{Heap after GC invocations=1 (full 0):
 garbage-first heap   total 262144K, used 9752K [0x00000000e0000000, 0x0000000100000000)
  region size 1024K, 3 young (3072K), 3 survivors (3072K)
 Metaspace       used 10151K, capacity 10434K, committed 10624K, reserved 264192K
  class space    used 1058K, capacity 1138K, committed 1152K, reserved 253952K
}
Event: 6.072 GC heap before
{Heap before GC invocations=1 (full 0):
 garbage-first heap   total 262144K, used 107032K [0x00000000e0000000, 0x0000000100000000)
  region size 1024K, 99 young (101376K), 3 survivors (3072K)
 Metaspace       used 20625K, capacity 21087K, committed 21248K, reserved 272384K
  class space    used 2523K, capacity 2705K, committed 2816K, reserved 253952K
}
Event: 6.088 GC heap after
{Heap after GC invocations=2 (full 0):
 garbage-first heap   total 262144K, used 17051K [0x00000000e0000000, 0x0000000100000000)
  region size 1024K, 11 young (11264K), 11 survivors (11264K)
 Metaspace       used 20625K, capacity 21087K, committed 21248K, reserved 272384K
  class space    used 2523K, capacity 2705K, committed 2816K, reserved 253952K
}
Event: 7.041 GC heap before
{Heap before GC invocations=3 (full 0):
 garbage-first heap   total 262144K, used 52891K [0x00000000e0000000, 0x0000000100000000)
  region size 1024K, 46 young (47104K), 11 survivors (11264K)
 Metaspace       used 24092K, capacity 24709K, committed 24832K, reserved 276480K
  class space    used 3082K, capacity 3279K, committed 3328K, reserved 253952K
}
Event: 7.056 GC heap after
{Heap after GC invocations=4 (full 0):
 garbage-first heap   total 262144K, used 18985K [0x00000000e0000000, 0x0000000100000000)
  region size 1024K, 2 young (2048K), 2 survivors (2048K)
 Metaspace       used 24092K, capacity 24709K, committed 24832K, reserved 276480K
  class space    used 3082K, capacity 3279K, committed 3328K, reserved 253952K
}
Event: 11.499 GC heap before
{Heap before GC invocations=4 (full 0):
 garbage-first heap   total 262144K, used 108073K [0x00000000e0000000, 0x0000000100000000)
  region size 1024K, 84 young (86016K), 2 survivors (2048K)
 Metaspace       used 34801K, capacity 35693K, committed 35840K, reserved 286720K
  class space    used 4567K, capacity 4862K, committed 4864K, reserved 253952K
}
Event: 11.550 GC heap after
{Heap after GC invocations=5 (full 0):
 garbage-first heap   total 262144K, used 29754K [0x00000000e0000000, 0x0000000100000000)
  region size 1024K, 7 young (7168K), 7 survivors (7168K)
 Metaspace       used 34801K, capacity 35693K, committed 35840K, reserved 286720K
  class space    used 4567K, capacity 4862K, committed 4864K, reserved 253952K
}
Event: 15.731 GC heap before
{Heap before GC invocations=6 (full 0):
 garbage-first heap   total 262144K, used 157754K [0x00000000e0000000, 0x0000000100000000)
  region size 1024K, 121 young (123904K), 7 survivors (7168K)
 Metaspace       used 44789K, capacity 45949K, committed 46284K, reserved 294912K
  class space    used 5653K, capacity 6053K, committed 6144K, reserved 253952K
}
Event: 15.754 GC heap after
{Heap after GC invocations=7 (full 0):
 garbage-first heap   total 262144K, used 46827K [0x00000000e0000000, 0x0000000100000000)
  region size 1024K, 15 young (15360K), 15 survivors (15360K)
 Metaspace       used 44789K, capacity 45949K, committed 46284K, reserved 294912K
  class space    used 5653K, capacity 6053K, committed 6144K, reserved 253952K
}
Event: 20.471 GC heap before
{Heap before GC invocations=7 (full 0):
 garbage-first heap   total 262144K, used 199403K [0x00000000e0000000, 0x0000000100000000)
  region size 1024K, 151 young (154624K), 15 survivors (15360K)
 Metaspace       used 55285K, capacity 57003K, committed 57292K, reserved 305152K
  class space    used 7264K, capacity 7843K, committed 7936K, reserved 253952K
}
Event: 20.540 GC heap after
{Heap after GC invocations=8 (full 0):
 garbage-first heap   total 262144K, used 71191K [0x00000000e0000000, 0x0000000100000000)
  region size 1024K, 19 young (19456K), 19 survivors (19456K)
 Metaspace       used 55285K, capacity 57003K, committed 57292K, reserved 305152K
  class space    used 7264K, capacity 7843K, committed 7936K, reserved 253952K
}
Event: 21.599 GC heap before
{Heap before GC invocations=8 (full 0):
 garbage-first heap   total 262144K, used 135703K [0x00000000e0000000, 0x0000000100000000)
  region size 1024K, 83 young (84992K), 19 survivors (19456K)
 Metaspace       used 58278K, capacity 60034K, committed 60236K, reserved 307200K
  class space    used 7676K, capacity 8289K, committed 8320K, reserved 253952K
}
Event: 21.632 GC heap after
{Heap after GC invocations=9 (full 0):
 garbage-first heap   total 262144K, used 73839K [0x00000000e0000000, 0x0000000100000000)
  region size 1024K, 3 young (3072K), 3 survivors (3072K)
 Metaspace       used 58278K, capacity 60034K, committed 60236K, reserved 307200K
  class space    used 7676K, capacity 8289K, committed 8320K, reserved 253952K
}
Event: 125.230 GC heap before
{Heap before GC invocations=10 (full 0):
 garbage-first heap   total 262144K, used 184431K [0x00000000e0000000, 0x0000000100000000)
  region size 1024K, 111 young (113664K), 3 survivors (3072K)
 Metaspace       used 62360K, capacity 64281K, committed 64460K, reserved 311296K
  class space    used 8195K, capacity 8875K, committed 8960K, reserved 253952K
}
Event: 125.251 GC heap after
{Heap after GC invocations=11 (full 0):
 garbage-first heap   total 262144K, used 78144K [0x00000000e0000000, 0x0000000100000000)
  region size 1024K, 7 young (7168K), 7 survivors (7168K)
 Metaspace       used 62360K, capacity 64281K, committed 64460K, reserved 311296K
  class space    used 8195K, capacity 8875K, committed 8960K, reserved 253952K
}
Event: 680.690 GC heap before
{Heap before GC invocations=11 (full 0):
 garbage-first heap   total 262144K, used 190784K [0x00000000e0000000, 0x0000000100000000)
  region size 1024K, 118 young (120832K), 7 survivors (7168K)
 Metaspace       used 69250K, capacity 71642K, committed 71756K, reserved 317440K
  class space    used 9045K, capacity 9820K, committed 9856K, reserved 253952K
}
Event: 680.714 GC heap after
{Heap after GC invocations=12 (full 0):
 garbage-first heap   total 262144K, used 83556K [0x00000000e0000000, 0x0000000100000000)
  region size 1024K, 13 young (13312K), 13 survivors (13312K)
 Metaspace       used 69250K, capacity 71642K, committed 71756K, reserved 317440K
  class space    used 9045K, capacity 9820K, committed 9856K, reserved 253952K
}
Event: 688.762 GC heap before
{Heap before GC invocations=12 (full 0):
 garbage-first heap   total 262144K, used 195172K [0x00000000e0000000, 0x0000000100000000)
  region size 1024K, 123 young (125952K), 13 survivors (13312K)
 Metaspace       used 79945K, capacity 82841K, committed 82892K, reserved 325632K
  class space    used 10481K, capacity 11499K, committed 11520K, reserved 253952K
}

